<?xml version="1.0" encoding="UTF-8"?>
<testsuite xmlns:xsi="http://www.w3.org/2001/XMLSchema-instance" xsi:noNamespaceSchemaLocation="https://maven.apache.org/surefire/maven-surefire-plugin/xsd/surefire-test-report-3.0.xsd" version="3.0" name="io.cucumber.junit.platform.engine.CucumberTestEngine" time="0.425" tests="1" errors="1" skipped="0" failures="0">
  <properties>
    <property name="cucumber.features" value="src/test/resources/features"/>
    <property name="surefire.includeJUnit5Engines" value="cucumber"/>
    <property name="java.specification.version" value="17"/>
    <property name="sun.cpu.isalist" value="amd64"/>
    <property name="sun.jnu.encoding" value="Cp1252"/>
    <property name="java.class.path" value="C:\Iterasys\blazedemo142\target\test-classes;C:\Iterasys\blazedemo142\target\classes;C:\Users\jysya\.m2\repository\org\junit\jupiter\junit-jupiter-api\5.11.0\junit-jupiter-api-5.11.0.jar;C:\Users\jysya\.m2\repository\org\opentest4j\opentest4j\1.3.0\opentest4j-1.3.0.jar;C:\Users\jysya\.m2\repository\org\junit\platform\junit-platform-commons\1.11.0\junit-platform-commons-1.11.0.jar;C:\Users\jysya\.m2\repository\org\apiguardian\apiguardian-api\1.1.2\apiguardian-api-1.1.2.jar;C:\Users\jysya\.m2\repository\org\junit\jupiter\junit-jupiter-params\5.11.0\junit-jupiter-params-5.11.0.jar;C:\Users\jysya\.m2\repository\org\seleniumhq\selenium\selenium-java\4.24.0\selenium-java-4.24.0.jar;C:\Users\jysya\.m2\repository\org\seleniumhq\selenium\selenium-api\4.24.0\selenium-api-4.24.0.jar;C:\Users\jysya\.m2\repository\org\jspecify\jspecify\1.0.0\jspecify-1.0.0.jar;C:\Users\jysya\.m2\repository\org\seleniumhq\selenium\selenium-chrome-driver\4.24.0\selenium-chrome-driver-4.24.0.jar;C:\Users\jysya\.m2\repository\com\google\auto\service\auto-service-annotations\1.1.1\auto-service-annotations-1.1.1.jar;C:\Users\jysya\.m2\repository\org\seleniumhq\selenium\selenium-chromium-driver\4.24.0\selenium-chromium-driver-4.24.0.jar;C:\Users\jysya\.m2\repository\org\seleniumhq\selenium\selenium-json\4.24.0\selenium-json-4.24.0.jar;C:\Users\jysya\.m2\repository\org\seleniumhq\selenium\selenium-manager\4.24.0\selenium-manager-4.24.0.jar;C:\Users\jysya\.m2\repository\org\seleniumhq\selenium\selenium-devtools-v126\4.24.0\selenium-devtools-v126-4.24.0.jar;C:\Users\jysya\.m2\repository\org\seleniumhq\selenium\selenium-devtools-v127\4.24.0\selenium-devtools-v127-4.24.0.jar;C:\Users\jysya\.m2\repository\org\seleniumhq\selenium\selenium-devtools-v128\4.24.0\selenium-devtools-v128-4.24.0.jar;C:\Users\jysya\.m2\repository\org\seleniumhq\selenium\selenium-devtools-v85\4.24.0\selenium-devtools-v85-4.24.0.jar;C:\Users\jysya\.m2\repository\org\seleniumhq\selenium\selenium-edge-driver\4.24.0\selenium-edge-driver-4.24.0.jar;C:\Users\jysya\.m2\repository\org\seleniumhq\selenium\selenium-firefox-driver\4.24.0\selenium-firefox-driver-4.24.0.jar;C:\Users\jysya\.m2\repository\org\seleniumhq\selenium\selenium-http\4.24.0\selenium-http-4.24.0.jar;C:\Users\jysya\.m2\repository\dev\failsafe\failsafe\3.3.2\failsafe-3.3.2.jar;C:\Users\jysya\.m2\repository\org\seleniumhq\selenium\selenium-ie-driver\4.24.0\selenium-ie-driver-4.24.0.jar;C:\Users\jysya\.m2\repository\org\seleniumhq\selenium\selenium-remote-driver\4.24.0\selenium-remote-driver-4.24.0.jar;C:\Users\jysya\.m2\repository\com\google\guava\guava\33.3.0-jre\guava-33.3.0-jre.jar;C:\Users\jysya\.m2\repository\com\google\guava\failureaccess\1.0.2\failureaccess-1.0.2.jar;C:\Users\jysya\.m2\repository\com\google\guava\listenablefuture\9999.0-empty-to-avoid-conflict-with-guava\listenablefuture-9999.0-empty-to-avoid-conflict-with-guava.jar;C:\Users\jysya\.m2\repository\com\google\code\findbugs\jsr305\3.0.2\jsr305-3.0.2.jar;C:\Users\jysya\.m2\repository\org\checkerframework\checker-qual\3.43.0\checker-qual-3.43.0.jar;C:\Users\jysya\.m2\repository\com\google\j2objc\j2objc-annotations\3.0.0\j2objc-annotations-3.0.0.jar;C:\Users\jysya\.m2\repository\io\opentelemetry\semconv\opentelemetry-semconv\1.25.0-alpha\opentelemetry-semconv-1.25.0-alpha.jar;C:\Users\jysya\.m2\repository\io\opentelemetry\opentelemetry-api\1.41.0\opentelemetry-api-1.41.0.jar;C:\Users\jysya\.m2\repository\io\opentelemetry\opentelemetry-context\1.41.0\opentelemetry-context-1.41.0.jar;C:\Users\jysya\.m2\repository\io\opentelemetry\opentelemetry-exporter-logging\1.41.0\opentelemetry-exporter-logging-1.41.0.jar;C:\Users\jysya\.m2\repository\io\opentelemetry\opentelemetry-sdk-common\1.41.0\opentelemetry-sdk-common-1.41.0.jar;C:\Users\jysya\.m2\repository\io\opentelemetry\opentelemetry-sdk-extension-autoconfigure-spi\1.41.0\opentelemetry-sdk-extension-autoconfigure-spi-1.41.0.jar;C:\Users\jysya\.m2\repository\io\opentelemetry\opentelemetry-sdk-extension-autoconfigure\1.41.0\opentelemetry-sdk-extension-autoconfigure-1.41.0.jar;C:\Users\jysya\.m2\repository\io\opentelemetry\opentelemetry-api-incubator\1.41.0-alpha\opentelemetry-api-incubator-1.41.0-alpha.jar;C:\Users\jysya\.m2\repository\io\opentelemetry\opentelemetry-sdk-trace\1.41.0\opentelemetry-sdk-trace-1.41.0.jar;C:\Users\jysya\.m2\repository\io\opentelemetry\opentelemetry-sdk\1.41.0\opentelemetry-sdk-1.41.0.jar;C:\Users\jysya\.m2\repository\io\opentelemetry\opentelemetry-sdk-metrics\1.41.0\opentelemetry-sdk-metrics-1.41.0.jar;C:\Users\jysya\.m2\repository\io\opentelemetry\opentelemetry-sdk-logs\1.41.0\opentelemetry-sdk-logs-1.41.0.jar;C:\Users\jysya\.m2\repository\net\bytebuddy\byte-buddy\1.15.0\byte-buddy-1.15.0.jar;C:\Users\jysya\.m2\repository\org\seleniumhq\selenium\selenium-os\4.24.0\selenium-os-4.24.0.jar;C:\Users\jysya\.m2\repository\org\apache\commons\commons-exec\1.4.0\commons-exec-1.4.0.jar;C:\Users\jysya\.m2\repository\org\seleniumhq\selenium\selenium-safari-driver\4.24.0\selenium-safari-driver-4.24.0.jar;C:\Users\jysya\.m2\repository\org\seleniumhq\selenium\selenium-support\4.24.0\selenium-support-4.24.0.jar;C:\Users\jysya\.m2\repository\io\github\bonigarcia\webdrivermanager\5.9.2\webdrivermanager-5.9.2.jar;C:\Users\jysya\.m2\repository\org\slf4j\slf4j-api\2.0.13\slf4j-api-2.0.13.jar;C:\Users\jysya\.m2\repository\com\github\docker-java\docker-java\3.4.0\docker-java-3.4.0.jar;C:\Users\jysya\.m2\repository\com\github\docker-java\docker-java-core\3.4.0\docker-java-core-3.4.0.jar;C:\Users\jysya\.m2\repository\com\github\docker-java\docker-java-api\3.4.0\docker-java-api-3.4.0.jar;C:\Users\jysya\.m2\repository\com\fasterxml\jackson\core\jackson-annotations\2.10.3\jackson-annotations-2.10.3.jar;C:\Users\jysya\.m2\repository\com\fasterxml\jackson\core\jackson-databind\2.10.3\jackson-databind-2.10.3.jar;C:\Users\jysya\.m2\repository\com\fasterxml\jackson\core\jackson-core\2.10.3\jackson-core-2.10.3.jar;C:\Users\jysya\.m2\repository\org\slf4j\jcl-over-slf4j\1.7.30\jcl-over-slf4j-1.7.30.jar;C:\Users\jysya\.m2\repository\com\github\docker-java\docker-java-transport-httpclient5\3.4.0\docker-java-transport-httpclient5-3.4.0.jar;C:\Users\jysya\.m2\repository\com\github\docker-java\docker-java-transport\3.4.0\docker-java-transport-3.4.0.jar;C:\Users\jysya\.m2\repository\net\java\dev\jna\jna\5.13.0\jna-5.13.0.jar;C:\Users\jysya\.m2\repository\org\brotli\dec\0.1.2\dec-0.1.2.jar;C:\Users\jysya\.m2\repository\org\apache\commons\commons-lang3\3.15.0\commons-lang3-3.15.0.jar;C:\Users\jysya\.m2\repository\org\apache\commons\commons-compress\1.26.2\commons-compress-1.26.2.jar;C:\Users\jysya\.m2\repository\commons-codec\commons-codec\1.17.0\commons-codec-1.17.0.jar;C:\Users\jysya\.m2\repository\commons-io\commons-io\2.16.1\commons-io-2.16.1.jar;C:\Users\jysya\.m2\repository\org\apache\httpcomponents\client5\httpclient5\5.2.1\httpclient5-5.2.1.jar;C:\Users\jysya\.m2\repository\org\apache\httpcomponents\core5\httpcore5\5.2\httpcore5-5.2.jar;C:\Users\jysya\.m2\repository\org\apache\httpcomponents\core5\httpcore5-h2\5.2\httpcore5-h2-5.2.jar;C:\Users\jysya\.m2\repository\org\hamcrest\hamcrest\2.2\hamcrest-2.2.jar;C:\Users\jysya\.m2\repository\io\rest-assured\rest-assured\5.5.0\rest-assured-5.5.0.jar;C:\Users\jysya\.m2\repository\org\apache\groovy\groovy\4.0.22\groovy-4.0.22.jar;C:\Users\jysya\.m2\repository\org\apache\groovy\groovy-xml\4.0.22\groovy-xml-4.0.22.jar;C:\Users\jysya\.m2\repository\org\apache\httpcomponents\httpclient\4.5.13\httpclient-4.5.13.jar;C:\Users\jysya\.m2\repository\org\apache\httpcomponents\httpcore\4.4.13\httpcore-4.4.13.jar;C:\Users\jysya\.m2\repository\commons-logging\commons-logging\1.2\commons-logging-1.2.jar;C:\Users\jysya\.m2\repository\org\apache\httpcomponents\httpmime\4.5.13\httpmime-4.5.13.jar;C:\Users\jysya\.m2\repository\org\ccil\cowan\tagsoup\tagsoup\1.2.1\tagsoup-1.2.1.jar;C:\Users\jysya\.m2\repository\io\rest-assured\json-path\5.5.0\json-path-5.5.0.jar;C:\Users\jysya\.m2\repository\org\apache\groovy\groovy-json\4.0.22\groovy-json-4.0.22.jar;C:\Users\jysya\.m2\repository\io\rest-assured\rest-assured-common\5.5.0\rest-assured-common-5.5.0.jar;C:\Users\jysya\.m2\repository\io\rest-assured\xml-path\5.5.0\xml-path-5.5.0.jar;C:\Users\jysya\.m2\repository\com\google\code\gson\gson\2.11.0\gson-2.11.0.jar;C:\Users\jysya\.m2\repository\com\google\errorprone\error_prone_annotations\2.27.0\error_prone_annotations-2.27.0.jar;C:\Users\jysya\.m2\repository\io\cucumber\cucumber-java\7.18.1\cucumber-java-7.18.1.jar;C:\Users\jysya\.m2\repository\io\cucumber\cucumber-core\7.18.1\cucumber-core-7.18.1.jar;C:\Users\jysya\.m2\repository\io\cucumber\cucumber-gherkin\7.18.1\cucumber-gherkin-7.18.1.jar;C:\Users\jysya\.m2\repository\io\cucumber\cucumber-gherkin-messages\7.18.1\cucumber-gherkin-messages-7.18.1.jar;C:\Users\jysya\.m2\repository\io\cucumber\gherkin\28.0.0\gherkin-28.0.0.jar;C:\Users\jysya\.m2\repository\io\cucumber\messages\24.1.0\messages-24.1.0.jar;C:\Users\jysya\.m2\repository\io\cucumber\testng-xml-formatter\0.2.0\testng-xml-formatter-0.2.0.jar;C:\Users\jysya\.m2\repository\io\cucumber\query\12.2.0\query-12.2.0.jar;C:\Users\jysya\.m2\repository\io\cucumber\tag-expressions\6.1.0\tag-expressions-6.1.0.jar;C:\Users\jysya\.m2\repository\io\cucumber\cucumber-expressions\17.1.0\cucumber-expressions-17.1.0.jar;C:\Users\jysya\.m2\repository\io\cucumber\datatable\7.18.1\datatable-7.18.1.jar;C:\Users\jysya\.m2\repository\io\cucumber\cucumber-plugin\7.18.1\cucumber-plugin-7.18.1.jar;C:\Users\jysya\.m2\repository\io\cucumber\docstring\7.18.1\docstring-7.18.1.jar;C:\Users\jysya\.m2\repository\io\cucumber\html-formatter\21.4.1\html-formatter-21.4.1.jar;C:\Users\jysya\.m2\repository\io\cucumber\junit-xml-formatter\0.5.0\junit-xml-formatter-0.5.0.jar;C:\Users\jysya\.m2\repository\io\cucumber\ci-environment\10.0.1\ci-environment-10.0.1.jar;C:\Users\jysya\.m2\repository\io\cucumber\cucumber-junit-platform-engine\7.18.1\cucumber-junit-platform-engine-7.18.1.jar;C:\Users\jysya\.m2\repository\org\junit\platform\junit-platform-engine\1.10.3\junit-platform-engine-1.10.3.jar;"/>
    <property name="java.vm.vendor" value="Oracle Corporation"/>
    <property name="sun.arch.data.model" value="64"/>
    <property name="user.variant" value=""/>
    <property name="java.vendor.url" value="https://java.oracle.com/"/>
    <property name="user.timezone" value="America/Sao_Paulo"/>
    <property name="os.name" value="Windows 11"/>
    <property name="java.vm.specification.version" value="17"/>
    <property name="sun.java.launcher" value="SUN_STANDARD"/>
    <property name="user.country" value="BR"/>
    <property name="sun.boot.library.path" value="C:\Program Files\Java\jdk-17\bin"/>
    <property name="sun.java.command" value="C:\Users\jysya\AppData\Local\Temp\surefire13796366069400723833\surefirebooter-20241105211604627_3.jar C:\Users\jysya\AppData\Local\Temp\surefire13796366069400723833 2024-11-05T21-16-02_901-jvmRun1 surefire-20241105211604627_1tmp surefire_0-20241105211604627_2tmp"/>
    <property name="jdk.debug" value="release"/>
    <property name="surefire.test.class.path" value="C:\Iterasys\blazedemo142\target\test-classes;C:\Iterasys\blazedemo142\target\classes;C:\Users\jysya\.m2\repository\org\junit\jupiter\junit-jupiter-api\5.11.0\junit-jupiter-api-5.11.0.jar;C:\Users\jysya\.m2\repository\org\opentest4j\opentest4j\1.3.0\opentest4j-1.3.0.jar;C:\Users\jysya\.m2\repository\org\junit\platform\junit-platform-commons\1.11.0\junit-platform-commons-1.11.0.jar;C:\Users\jysya\.m2\repository\org\apiguardian\apiguardian-api\1.1.2\apiguardian-api-1.1.2.jar;C:\Users\jysya\.m2\repository\org\junit\jupiter\junit-jupiter-params\5.11.0\junit-jupiter-params-5.11.0.jar;C:\Users\jysya\.m2\repository\org\seleniumhq\selenium\selenium-java\4.24.0\selenium-java-4.24.0.jar;C:\Users\jysya\.m2\repository\org\seleniumhq\selenium\selenium-api\4.24.0\selenium-api-4.24.0.jar;C:\Users\jysya\.m2\repository\org\jspecify\jspecify\1.0.0\jspecify-1.0.0.jar;C:\Users\jysya\.m2\repository\org\seleniumhq\selenium\selenium-chrome-driver\4.24.0\selenium-chrome-driver-4.24.0.jar;C:\Users\jysya\.m2\repository\com\google\auto\service\auto-service-annotations\1.1.1\auto-service-annotations-1.1.1.jar;C:\Users\jysya\.m2\repository\org\seleniumhq\selenium\selenium-chromium-driver\4.24.0\selenium-chromium-driver-4.24.0.jar;C:\Users\jysya\.m2\repository\org\seleniumhq\selenium\selenium-json\4.24.0\selenium-json-4.24.0.jar;C:\Users\jysya\.m2\repository\org\seleniumhq\selenium\selenium-manager\4.24.0\selenium-manager-4.24.0.jar;C:\Users\jysya\.m2\repository\org\seleniumhq\selenium\selenium-devtools-v126\4.24.0\selenium-devtools-v126-4.24.0.jar;C:\Users\jysya\.m2\repository\org\seleniumhq\selenium\selenium-devtools-v127\4.24.0\selenium-devtools-v127-4.24.0.jar;C:\Users\jysya\.m2\repository\org\seleniumhq\selenium\selenium-devtools-v128\4.24.0\selenium-devtools-v128-4.24.0.jar;C:\Users\jysya\.m2\repository\org\seleniumhq\selenium\selenium-devtools-v85\4.24.0\selenium-devtools-v85-4.24.0.jar;C:\Users\jysya\.m2\repository\org\seleniumhq\selenium\selenium-edge-driver\4.24.0\selenium-edge-driver-4.24.0.jar;C:\Users\jysya\.m2\repository\org\seleniumhq\selenium\selenium-firefox-driver\4.24.0\selenium-firefox-driver-4.24.0.jar;C:\Users\jysya\.m2\repository\org\seleniumhq\selenium\selenium-http\4.24.0\selenium-http-4.24.0.jar;C:\Users\jysya\.m2\repository\dev\failsafe\failsafe\3.3.2\failsafe-3.3.2.jar;C:\Users\jysya\.m2\repository\org\seleniumhq\selenium\selenium-ie-driver\4.24.0\selenium-ie-driver-4.24.0.jar;C:\Users\jysya\.m2\repository\org\seleniumhq\selenium\selenium-remote-driver\4.24.0\selenium-remote-driver-4.24.0.jar;C:\Users\jysya\.m2\repository\com\google\guava\guava\33.3.0-jre\guava-33.3.0-jre.jar;C:\Users\jysya\.m2\repository\com\google\guava\failureaccess\1.0.2\failureaccess-1.0.2.jar;C:\Users\jysya\.m2\repository\com\google\guava\listenablefuture\9999.0-empty-to-avoid-conflict-with-guava\listenablefuture-9999.0-empty-to-avoid-conflict-with-guava.jar;C:\Users\jysya\.m2\repository\com\google\code\findbugs\jsr305\3.0.2\jsr305-3.0.2.jar;C:\Users\jysya\.m2\repository\org\checkerframework\checker-qual\3.43.0\checker-qual-3.43.0.jar;C:\Users\jysya\.m2\repository\com\google\j2objc\j2objc-annotations\3.0.0\j2objc-annotations-3.0.0.jar;C:\Users\jysya\.m2\repository\io\opentelemetry\semconv\opentelemetry-semconv\1.25.0-alpha\opentelemetry-semconv-1.25.0-alpha.jar;C:\Users\jysya\.m2\repository\io\opentelemetry\opentelemetry-api\1.41.0\opentelemetry-api-1.41.0.jar;C:\Users\jysya\.m2\repository\io\opentelemetry\opentelemetry-context\1.41.0\opentelemetry-context-1.41.0.jar;C:\Users\jysya\.m2\repository\io\opentelemetry\opentelemetry-exporter-logging\1.41.0\opentelemetry-exporter-logging-1.41.0.jar;C:\Users\jysya\.m2\repository\io\opentelemetry\opentelemetry-sdk-common\1.41.0\opentelemetry-sdk-common-1.41.0.jar;C:\Users\jysya\.m2\repository\io\opentelemetry\opentelemetry-sdk-extension-autoconfigure-spi\1.41.0\opentelemetry-sdk-extension-autoconfigure-spi-1.41.0.jar;C:\Users\jysya\.m2\repository\io\opentelemetry\opentelemetry-sdk-extension-autoconfigure\1.41.0\opentelemetry-sdk-extension-autoconfigure-1.41.0.jar;C:\Users\jysya\.m2\repository\io\opentelemetry\opentelemetry-api-incubator\1.41.0-alpha\opentelemetry-api-incubator-1.41.0-alpha.jar;C:\Users\jysya\.m2\repository\io\opentelemetry\opentelemetry-sdk-trace\1.41.0\opentelemetry-sdk-trace-1.41.0.jar;C:\Users\jysya\.m2\repository\io\opentelemetry\opentelemetry-sdk\1.41.0\opentelemetry-sdk-1.41.0.jar;C:\Users\jysya\.m2\repository\io\opentelemetry\opentelemetry-sdk-metrics\1.41.0\opentelemetry-sdk-metrics-1.41.0.jar;C:\Users\jysya\.m2\repository\io\opentelemetry\opentelemetry-sdk-logs\1.41.0\opentelemetry-sdk-logs-1.41.0.jar;C:\Users\jysya\.m2\repository\net\bytebuddy\byte-buddy\1.15.0\byte-buddy-1.15.0.jar;C:\Users\jysya\.m2\repository\org\seleniumhq\selenium\selenium-os\4.24.0\selenium-os-4.24.0.jar;C:\Users\jysya\.m2\repository\org\apache\commons\commons-exec\1.4.0\commons-exec-1.4.0.jar;C:\Users\jysya\.m2\repository\org\seleniumhq\selenium\selenium-safari-driver\4.24.0\selenium-safari-driver-4.24.0.jar;C:\Users\jysya\.m2\repository\org\seleniumhq\selenium\selenium-support\4.24.0\selenium-support-4.24.0.jar;C:\Users\jysya\.m2\repository\io\github\bonigarcia\webdrivermanager\5.9.2\webdrivermanager-5.9.2.jar;C:\Users\jysya\.m2\repository\org\slf4j\slf4j-api\2.0.13\slf4j-api-2.0.13.jar;C:\Users\jysya\.m2\repository\com\github\docker-java\docker-java\3.4.0\docker-java-3.4.0.jar;C:\Users\jysya\.m2\repository\com\github\docker-java\docker-java-core\3.4.0\docker-java-core-3.4.0.jar;C:\Users\jysya\.m2\repository\com\github\docker-java\docker-java-api\3.4.0\docker-java-api-3.4.0.jar;C:\Users\jysya\.m2\repository\com\fasterxml\jackson\core\jackson-annotations\2.10.3\jackson-annotations-2.10.3.jar;C:\Users\jysya\.m2\repository\com\fasterxml\jackson\core\jackson-databind\2.10.3\jackson-databind-2.10.3.jar;C:\Users\jysya\.m2\repository\com\fasterxml\jackson\core\jackson-core\2.10.3\jackson-core-2.10.3.jar;C:\Users\jysya\.m2\repository\org\slf4j\jcl-over-slf4j\1.7.30\jcl-over-slf4j-1.7.30.jar;C:\Users\jysya\.m2\repository\com\github\docker-java\docker-java-transport-httpclient5\3.4.0\docker-java-transport-httpclient5-3.4.0.jar;C:\Users\jysya\.m2\repository\com\github\docker-java\docker-java-transport\3.4.0\docker-java-transport-3.4.0.jar;C:\Users\jysya\.m2\repository\net\java\dev\jna\jna\5.13.0\jna-5.13.0.jar;C:\Users\jysya\.m2\repository\org\brotli\dec\0.1.2\dec-0.1.2.jar;C:\Users\jysya\.m2\repository\org\apache\commons\commons-lang3\3.15.0\commons-lang3-3.15.0.jar;C:\Users\jysya\.m2\repository\org\apache\commons\commons-compress\1.26.2\commons-compress-1.26.2.jar;C:\Users\jysya\.m2\repository\commons-codec\commons-codec\1.17.0\commons-codec-1.17.0.jar;C:\Users\jysya\.m2\repository\commons-io\commons-io\2.16.1\commons-io-2.16.1.jar;C:\Users\jysya\.m2\repository\org\apache\httpcomponents\client5\httpclient5\5.2.1\httpclient5-5.2.1.jar;C:\Users\jysya\.m2\repository\org\apache\httpcomponents\core5\httpcore5\5.2\httpcore5-5.2.jar;C:\Users\jysya\.m2\repository\org\apache\httpcomponents\core5\httpcore5-h2\5.2\httpcore5-h2-5.2.jar;C:\Users\jysya\.m2\repository\org\hamcrest\hamcrest\2.2\hamcrest-2.2.jar;C:\Users\jysya\.m2\repository\io\rest-assured\rest-assured\5.5.0\rest-assured-5.5.0.jar;C:\Users\jysya\.m2\repository\org\apache\groovy\groovy\4.0.22\groovy-4.0.22.jar;C:\Users\jysya\.m2\repository\org\apache\groovy\groovy-xml\4.0.22\groovy-xml-4.0.22.jar;C:\Users\jysya\.m2\repository\org\apache\httpcomponents\httpclient\4.5.13\httpclient-4.5.13.jar;C:\Users\jysya\.m2\repository\org\apache\httpcomponents\httpcore\4.4.13\httpcore-4.4.13.jar;C:\Users\jysya\.m2\repository\commons-logging\commons-logging\1.2\commons-logging-1.2.jar;C:\Users\jysya\.m2\repository\org\apache\httpcomponents\httpmime\4.5.13\httpmime-4.5.13.jar;C:\Users\jysya\.m2\repository\org\ccil\cowan\tagsoup\tagsoup\1.2.1\tagsoup-1.2.1.jar;C:\Users\jysya\.m2\repository\io\rest-assured\json-path\5.5.0\json-path-5.5.0.jar;C:\Users\jysya\.m2\repository\org\apache\groovy\groovy-json\4.0.22\groovy-json-4.0.22.jar;C:\Users\jysya\.m2\repository\io\rest-assured\rest-assured-common\5.5.0\rest-assured-common-5.5.0.jar;C:\Users\jysya\.m2\repository\io\rest-assured\xml-path\5.5.0\xml-path-5.5.0.jar;C:\Users\jysya\.m2\repository\com\google\code\gson\gson\2.11.0\gson-2.11.0.jar;C:\Users\jysya\.m2\repository\com\google\errorprone\error_prone_annotations\2.27.0\error_prone_annotations-2.27.0.jar;C:\Users\jysya\.m2\repository\io\cucumber\cucumber-java\7.18.1\cucumber-java-7.18.1.jar;C:\Users\jysya\.m2\repository\io\cucumber\cucumber-core\7.18.1\cucumber-core-7.18.1.jar;C:\Users\jysya\.m2\repository\io\cucumber\cucumber-gherkin\7.18.1\cucumber-gherkin-7.18.1.jar;C:\Users\jysya\.m2\repository\io\cucumber\cucumber-gherkin-messages\7.18.1\cucumber-gherkin-messages-7.18.1.jar;C:\Users\jysya\.m2\repository\io\cucumber\gherkin\28.0.0\gherkin-28.0.0.jar;C:\Users\jysya\.m2\repository\io\cucumber\messages\24.1.0\messages-24.1.0.jar;C:\Users\jysya\.m2\repository\io\cucumber\testng-xml-formatter\0.2.0\testng-xml-formatter-0.2.0.jar;C:\Users\jysya\.m2\repository\io\cucumber\query\12.2.0\query-12.2.0.jar;C:\Users\jysya\.m2\repository\io\cucumber\tag-expressions\6.1.0\tag-expressions-6.1.0.jar;C:\Users\jysya\.m2\repository\io\cucumber\cucumber-expressions\17.1.0\cucumber-expressions-17.1.0.jar;C:\Users\jysya\.m2\repository\io\cucumber\datatable\7.18.1\datatable-7.18.1.jar;C:\Users\jysya\.m2\repository\io\cucumber\cucumber-plugin\7.18.1\cucumber-plugin-7.18.1.jar;C:\Users\jysya\.m2\repository\io\cucumber\docstring\7.18.1\docstring-7.18.1.jar;C:\Users\jysya\.m2\repository\io\cucumber\html-formatter\21.4.1\html-formatter-21.4.1.jar;C:\Users\jysya\.m2\repository\io\cucumber\junit-xml-formatter\0.5.0\junit-xml-formatter-0.5.0.jar;C:\Users\jysya\.m2\repository\io\cucumber\ci-environment\10.0.1\ci-environment-10.0.1.jar;C:\Users\jysya\.m2\repository\io\cucumber\cucumber-junit-platform-engine\7.18.1\cucumber-junit-platform-engine-7.18.1.jar;C:\Users\jysya\.m2\repository\org\junit\platform\junit-platform-engine\1.10.3\junit-platform-engine-1.10.3.jar;"/>
    <property name="sun.cpu.endian" value="little"/>
    <property name="user.home" value="C:\Users\jysya"/>
    <property name="user.language" value="pt"/>
    <property name="java.specification.vendor" value="Oracle Corporation"/>
    <property name="java.version.date" value="2024-04-16"/>
    <property name="java.home" value="C:\Program Files\Java\jdk-17"/>
    <property name="file.separator" value="\"/>
    <property name="basedir" value="C:\Iterasys\blazedemo142"/>
    <property name="java.vm.compressedOopsMode" value="32-bit"/>
    <property name="line.separator" value="&#10;"/>
    <property name="java.vm.specification.vendor" value="Oracle Corporation"/>
    <property name="java.specification.name" value="Java Platform API Specification"/>
    <property name="surefire.real.class.path" value="C:\Users\jysya\AppData\Local\Temp\surefire13796366069400723833\surefirebooter-20241105211604627_3.jar"/>
    <property name="user.script" value=""/>
    <property name="sun.management.compiler" value="HotSpot 64-Bit Tiered Compilers"/>
    <property name="java.runtime.version" value="17.0.11+7-LTS-207"/>
    <property name="user.name" value="jysya"/>
    <property name="path.separator" value=";"/>
    <property name="os.version" value="10.0"/>
    <property name="java.runtime.name" value="Java(TM) SE Runtime Environment"/>
    <property name="file.encoding" value="Cp1252"/>
    <property name="java.vm.name" value="Java HotSpot(TM) 64-Bit Server VM"/>
    <property name="localRepository" value="C:\Users\jysya\.m2\repository"/>
    <property name="java.vendor.url.bug" value="https://bugreport.java.com/bugreport/"/>
    <property name="java.io.tmpdir" value="C:\Users\jysya\AppData\Local\Temp\"/>
    <property name="java.version" value="17.0.11"/>
    <property name="user.dir" value="C:\Iterasys\blazedemo142"/>
    <property name="os.arch" value="amd64"/>
    <property name="java.vm.specification.name" value="Java Virtual Machine Specification"/>
    <property name="sun.os.patch.level" value=""/>
    <property name="native.encoding" value="Cp1252"/>
    <property name="java.library.path" value="C:\Program Files\Java\jdk-17\bin;C:\WINDOWS\Sun\Java\bin;C:\WINDOWS\system32;C:\WINDOWS;C:\Users\jysya\bin;C:\Program Files\Git\mingw64\bin;C:\Program Files\Git\usr\local\bin;C:\Program Files\Git\usr\bin;C:\Program Files\Git\usr\bin;C:\Program Files\Git\mingw64\bin;C:\Program Files\Git\usr\bin;C:\Users\jysya\bin;C:\Program Files\Common Files\Oracle\Java\javapath;C:\WINDOWS\system32;C:\WINDOWS;C:\WINDOWS\System32\Wbem;C:\WINDOWS\System32\WindowsPowerShell\v1.0;C:\WINDOWS\System32\OpenSSH;C:\chromedriver-win64;C:\Program Files\Git\cmd;C:\Program Files\Java\jdk-17\bin;C:\apache-maven-3.9.9\bin\bin;C:\Program Files\MySQL\MySQL Shell 8.0\bin;C:\Users\jysya\AppData\Local\Programs\Python\Python310\Scripts;C:\Users\jysya\AppData\Local\Programs\Python\Python310;C:\Users\jysya\AppData\Local\Microsoft\WindowsApps;C:\Program Files\Java\jdk-19\bin;C:\Users\jysya\AppData\Local\Programs\Microsoft VS Code\bin;C:\apache-maven-3.9.9\bin;C:\Program Files\Git\usr\bin\vendor_perl;C:\Program Files\Git\usr\bin\core_perl;."/>
    <property name="java.vm.info" value="mixed mode, sharing"/>
    <property name="java.vendor" value="Oracle Corporation"/>
    <property name="java.vm.version" value="17.0.11+7-LTS-207"/>
    <property name="sun.io.unicode.encoding" value="UnicodeLittle"/>
    <property name="java.class.version" value="61.0"/>
  </properties>
  <testcase name="Comprar com sucesso" classname="Comprar Passagem" time="0.175">
    <error message="The step &apos;que acesso o site &quot;https://blazedemo.com/&quot;&apos; and 3 other step(s) are undefined.&#10;You can implement these steps using the snippet(s) below:&#10;&#10;@Dado(&quot;que acesso o site {string}&quot;)&#10;public void que_acesso_o_site(String string) {&#10;    // Write code here that turns the phrase above into concrete actions&#10;    throw new io.cucumber.java.PendingException();&#10;}&#10;@Quando(&quot;seleciono a origem {string} e destino {string}&quot;)&#10;public void seleciono_a_origem_e_destino(String string, String string2) {&#10;    // Write code here that turns the phrase above into concrete actions&#10;    throw new io.cucumber.java.PendingException();&#10;}&#10;@Quando(&quot;clico no botao Find Flights&quot;)&#10;public void clico_no_botao_find_flights() {&#10;    // Write code here that turns the phrase above into concrete actions&#10;    throw new io.cucumber.java.PendingException();&#10;}&#10;@Entao(&quot;visualizo a lista de voos&quot;)&#10;public void visualizo_a_lista_de_voos() {&#10;    // Write code here that turns the phrase above into concrete actions&#10;    throw new io.cucumber.java.PendingException();&#10;}&#10;" type="io.cucumber.junit.platform.engine.UndefinedStepException"><![CDATA[io.cucumber.junit.platform.engine.UndefinedStepException: 
The step 'que acesso o site "https://blazedemo.com/"' and 3 other step(s) are undefined.
You can implement these steps using the snippet(s) below:

@Dado("que acesso o site {string}")
public void que_acesso_o_site(String string) {
    // Write code here that turns the phrase above into concrete actions
    throw new io.cucumber.java.PendingException();
}
@Quando("seleciono a origem {string} e destino {string}")
public void seleciono_a_origem_e_destino(String string, String string2) {
    // Write code here that turns the phrase above into concrete actions
    throw new io.cucumber.java.PendingException();
}
@Quando("clico no botao Find Flights")
public void clico_no_botao_find_flights() {
    // Write code here that turns the phrase above into concrete actions
    throw new io.cucumber.java.PendingException();
}
@Entao("visualizo a lista de voos")
public void visualizo_a_lista_de_voos() {
    // Write code here that turns the phrase above into concrete actions
    throw new io.cucumber.java.PendingException();
}

	at io.cucumber.core.runtime.TestCaseResultObserver.assertTestCasePassed(TestCaseResultObserver.java:69)
	at io.cucumber.junit.platform.engine.TestCaseResultObserver.assertTestCasePassed(TestCaseResultObserver.java:22)
	at io.cucumber.junit.platform.engine.CucumberEngineExecutionContext.lambda$runTestCase$4(CucumberEngineExecutionContext.java:114)
	at io.cucumber.core.runtime.CucumberExecutionContext.lambda$runTestCase$5(CucumberExecutionContext.java:136)
	at io.cucumber.core.runtime.RethrowingThrowableCollector.executeAndThrow(RethrowingThrowableCollector.java:23)
	at io.cucumber.core.runtime.CucumberExecutionContext.runTestCase(CucumberExecutionContext.java:136)
	at io.cucumber.junit.platform.engine.CucumberEngineExecutionContext.runTestCase(CucumberEngineExecutionContext.java:109)
	at io.cucumber.junit.platform.engine.NodeDescriptor$PickleDescriptor.execute(NodeDescriptor.java:168)
	at io.cucumber.junit.platform.engine.NodeDescriptor$PickleDescriptor.execute(NodeDescriptor.java:90)
	at java.base/java.util.ArrayList.forEach(ArrayList.java:1511)
	at java.base/java.util.ArrayList.forEach(ArrayList.java:1511)
]]></error>
    <system-err><![CDATA[nov. 05, 2024 9:16:05 PM io.cucumber.junit.platform.engine.DiscoverySelectorResolver warnWhenCucumberFeaturesPropertyIsUsed
WARNING: Discovering tests using the cucumber.features property. Other discovery selectors are ignored!

This is a work around for the limited JUnit 5 support in Maven and Gradle. Please request/upvote/sponsor/ect better support for JUnit 5 discovery selectors. For details see: https://github.com/cucumber/cucumber-jvm/pull/2498

If you are using the JUnit 5 Suite Engine, Platform Launcher API or Console Launcher you should not use this property. Please consult the JUnit 5 documentation on test selection.
]]></system-err>
  </testcase>
</testsuite>